2022-10-18 09:52:09 Servidor iniciado!
2022-10-18 10:04:20 Servidor iniciado!
2022-10-18 10:18:54 Servidor iniciado!
2022-10-18 10:21:00 Servidor iniciado!
2022-10-18 10:21:53 Servidor iniciado!
2022-10-18 10:33:00 Nova conexão no Servidor! (53)
2022-10-18 10:33:00 Conexões ativas: 1
2022-10-18 10:33:27 Mensagem de 53 Msg: '\online'
2022-10-18 10:41:32 Conexão encerrada (53)
2022-10-18 10:41:32 Conexões ativas: 0
2022-10-18 10:41:32 Nova conexão no Servidor! (90)
2022-10-18 10:41:32 Conexões ativas: 1
2022-10-18 10:41:52 Conexão encerrada (90)
2022-10-18 10:41:52 Conexões ativas: 0
2022-10-18 10:41:52 Nova conexão no Servidor! (97)
2022-10-18 10:41:52 Conexões ativas: 1
2022-10-18 10:43:13 Nova conexão no Servidor! (102)
2022-10-18 10:43:13 Conexões ativas: 2
2022-10-18 10:43:23 Mensagem de 97 Msg: 'olá'
2022-10-18 10:43:23 A Conexão 102 recebeu a mensagem de 97
2022-10-18 10:43:45 Conexão encerrada (102)
2022-10-18 10:43:45 Conexões ativas: 1
2022-10-18 10:46:33 Conexão encerrada (97)
2022-10-18 10:46:33 Conexões ativas: 0
2022-10-18 10:46:50 Nova conexão no Servidor! (113)
2022-10-18 10:46:50 Conexões ativas: 1
2022-10-18 13:15:24 Conexão encerrada (113)
2022-10-18 13:15:24 Conexões ativas: 0
2022-10-18 13:20:37 Nova conexão no Servidor! (120)
2022-10-18 13:20:37 Conexões ativas: 1
2022-10-18 13:43:49 Conexão encerrada (120)
2022-10-18 13:43:49 Conexões ativas: 0
2022-10-18 14:22:17 Nova conexão no Servidor! (127)
2022-10-18 14:22:17 Conexões ativas: 1
2022-10-18 14:22:25 Conexão encerrada (127)
2022-10-18 14:22:25 Conexões ativas: 0
2022-10-18 14:24:23 Nova conexão no Servidor! (134)
2022-10-18 14:24:24 Conexões ativas: 1
2022-10-18 14:24:27 Conexão encerrada (134)
2022-10-18 14:24:27 Conexões ativas: 0
